[Mon Aug 18 2014 13:42:45 GMT+0200 (CEST)] GET 200 localhost://localhost / "curl/7.35.0"
[Mon Aug 18 2014 13:46:12 GMT+0200 (CEST)] GET 200 http://localhost / "curl/7.35.0"
[Mon Aug 18 2014 13:50:16 GMT+0200 (CEST)] GET 200 24ms http://localhost "/" "text/html; charset=utf-8" "curl/7.35.0"
[Mon Aug 18 2014 13:52:53 GMT+0200 (CEST)] 200 30ms http localhost GET "/" "text/html; charset=utf-8" "curl/7.35.0"
[Mon Aug 18 2014 13:54:48 GMT+0200 (CEST)] 200 29ms GET "http://localhost//" "text/html; charset=utf-8" "curl/7.35.0"
[Mon Aug 18 2014 13:56:30 GMT+0200 (CEST)] 200 28ms GET "http://localhost:3000/" "text/html; charset=utf-8" "curl/7.35.0"
[Mon Aug 18 2014 14:01:31 GMT+0200 (CEST)] 200 23ms GET "http://localhost:3000/" "text/html; charset=utf-8" "curl/7.35.0" sid:78HeWMDZVu_WOn9kZ8piN_mKODSuTWvR
[Mon Aug 18 2014 14:02:20 GMT+0200 (CEST)] 200 23ms GET "http://localhost:3000/" "text/html; charset=utf-8" "curl/7.35.0" sid:TSDbfC9SRP0Q-UG4xK49Ijw0ai76NNCl
[Mon Aug 18 2014 14:02:55 GMT+0200 (CEST)] 200 29ms GET "http://localhost:3000/" "text/html; charset=utf-8" "Mozilla/5.0 (X11; Ubuntu; Linux x86_64; rv:31.0) Gecko/20100101 Firefox/31.0" sid:E_rpoSz530lG_8S6b3CpIccUU38VsOBH
[Mon Aug 18 2014 14:03:01 GMT+0200 (CEST)] 404 9ms GET "http://localhost:3000/test" "text/html" "Mozilla/5.0 (X11; Ubuntu; Linux x86_64; rv:31.0) Gecko/20100101 Firefox/31.0" sid:E_rpoSz530lG_8S6b3CpIccUU38VsOBH
[Sat Aug 23 2014 13:50:54 GMT+0200 (CEST)] 200 10ms GET "http://localhost:3000/" "text/html; charset=utf-8" "curl/7.35.0" (9zyIG7W4vTatf2QqHw5znCO9_-1HQXbX)
[Sun Aug 24 2014 17:46:20 GMT+0200 (CEST)] 200 7ms GET "http://localhost:3000/" "text/html; charset=utf-8" "curl/7.35.0" "undefined" (s7sRYQvEIsMz5y0XyzS1eTp_YFNzyRUz)
[Sun Aug 24 2014 17:46:27 GMT+0200 (CEST)] 200 2ms GET "http://localhost:3000/" "text/html; charset=utf-8" "curl/7.35.0" "undefined" (wmMNdCqJGteG3Gdagm8LAJvhAznaT3QS)
[Sun Aug 24 2014 17:48:02 GMT+0200 (CEST)] 404 1ms GET "http://localhost:3000/tracking?browser=Firefox" "text/html" "curl/7.35.0" "undefined" (LJO7EVR_DChKe4-PrD5nPbQQe_wFStbc)
[Sun Aug 24 2014 17:48:12 GMT+0200 (CEST)] 404 1ms GET "http://localhost:3000/tracking/?browser=Firefox" "text/html" "curl/7.35.0" "undefined" (mJpv1R1t3YoWUaPVlbqd77gSzVlS98w7)
[Sun Aug 24 2014 17:49:05 GMT+0200 (CEST)] 404 7ms GET "http://localhost:3000/tracking/?browser=Firefox" "text/html" "curl/7.35.0" "undefined" (XEPlzaAav3LgbUl9iE9RQBeoUoPz8vHV)
[Sun Aug 24 2014 17:50:38 GMT+0200 (CEST)] 200 5ms GET "http://localhost:3000/track/?browser=Firefox" "undefined" "curl/7.35.0" "undefined" (7344LiUNFPbDq3gTsW7pXZizPwDGtDh-)
[Sun Aug 24 2014 17:50:50 GMT+0200 (CEST)] 200 2ms GET "http://localhost:3000/track/?browser=Opera" "undefined" "curl/7.35.0" "undefined" (aCGM2IELaXzYbRimlw7jnKD4qATUoSsO)
[Sun Aug 24 2014 17:50:57 GMT+0200 (CEST)] 200 1ms GET "http://localhost:3000/track/?browser=Opera" "undefined" "curl/7.35.0" "undefined" (hglCAO4bHDK_3Q4NdJ4Sw6PQR5cPXpbU)
[Sun Aug 24 2014 17:51:47 GMT+0200 (CEST)] 200 8ms GET "http://localhost:3000/track/?browser=Opera" "undefined" "curl/7.35.0" "undefined" (hH6DugY62mcDxzXnA8wO93svHSVzDg9p)
[Sun Aug 24 2014 17:51:50 GMT+0200 (CEST)] 200 2ms GET "http://localhost:3000/track/?browser=Firefox" "undefined" "curl/7.35.0" "undefined" (iv1Sne2EDJVrwqFdrrYqaWVW0YXd0Wso)
[Sun Aug 24 2014 17:52:29 GMT+0200 (CEST)] 404 2ms POST "http://localhost:3000/track" "text/html" "curl/7.35.0" "undefined" (VsqqEUE6S9zlusxCaJW2LTvNpJkY4vko)
[Sun Aug 24 2014 17:52:39 GMT+0200 (CEST)] 200 1ms GET "http://localhost:3000/track" "undefined" "curl/7.35.0" "undefined" (oY_oslXhOspj2DY8aUPBVsFhXDkK0C2G)
[Sun Aug 24 2014 17:53:42 GMT+0200 (CEST)] 200 0ms GET "http://localhost:3000/track" "undefined" "curl/7.35.0" "undefined" (JkQzkrfDeg1GOgsvwnS_IN5c2OboU1z0)
[Sun Aug 24 2014 17:53:57 GMT+0200 (CEST)] 200 1ms GET "http://localhost:3000/track/?browser=Opera" "undefined" "curl/7.35.0" "undefined" (Ii8t4G4UOiQVxq6pa5yrGGbqlikyYQY3)
[Sun Aug 24 2014 17:54:13 GMT+0200 (CEST)] 200 1ms GET "http://localhost:3000/track/?browser=Firefox" "undefined" "curl/7.35.0" "undefined" (G3NytdFV8t8AUvRuNqzeNarSqwnGnUix)
[Sun Aug 24 2014 17:54:20 GMT+0200 (CEST)] 200 1ms GET "http://localhost:3000/track/?browser=Firefox" "undefined" "curl/7.35.0" "undefined" (esfgKQN_KROn-0DflnYg84QYwiC0IDG3)
[Sun Aug 24 2014 17:57:17 GMT+0200 (CEST)] 200 1ms GET "http://localhost:3000/track/?browser=Firefox&version=11.33" "undefined" "curl/7.35.0" "undefined" (uZUER3MiuIUFSXZ84JBV2NhjFkSTm8q-)
[Sun Aug 24 2014 17:58:51 GMT+0200 (CEST)] 200 1ms GET "http://localhost:3000/track/?browser=Firefox&version=11.33" "undefined" "curl/7.35.0" "undefined" (AEVxl22MUTDmjv8ousrC6C8hQwR54z5z)
[Sun Aug 24 2014 21:38:33 GMT+0200 (CEST)] 200 7ms GET "http://localhost:3000/" "text/html; charset=utf-8" "Mozilla/5.0 (X11; Ubuntu; Linux x86_64; rv:31.0) Gecko/20100101 Firefox/31.0" "undefined" (ixvircDbvuliGtoW6zkjm_FGqTbMMaQv)
[Sun Aug 24 2014 21:38:33 GMT+0200 (CEST)] 404 2ms GET "http://localhost:3000/favicon.ico" "text/html" "Mozilla/5.0 (X11; Ubuntu; Linux x86_64; rv:31.0) Gecko/20100101 Firefox/31.0" "undefined" (ixvircDbvuliGtoW6zkjm_FGqTbMMaQv)
[Sun Aug 24 2014 21:38:33 GMT+0200 (CEST)] 404 1ms GET "http://localhost:3000/favicon.ico" "text/html" "Mozilla/5.0 (X11; Ubuntu; Linux x86_64; rv:31.0) Gecko/20100101 Firefox/31.0" "undefined" (ixvircDbvuliGtoW6zkjm_FGqTbMMaQv)
[Sun Aug 24 2014 21:42:29 GMT+0200 (CEST)] 200 17ms GET "http://localhost:3000/" "text/html; charset=utf-8" "Mozilla/5.0 (X11; Ubuntu; Linux x86_64; rv:31.0) Gecko/20100101 Firefox/31.0" "undefined" (kfXu6Vkb79G3QVDCC0g6oNOKvTYGh3bI)
[Sun Aug 24 2014 21:42:29 GMT+0200 (CEST)] 500 4ms GET "http://localhost:3000/express-server/js/tracker.js" "text/html; charset=utf-8" "Mozilla/5.0 (X11; Ubuntu; Linux x86_64; rv:31.0) Gecko/20100101 Firefox/31.0" "http://localhost:3000/" (kfXu6Vkb79G3QVDCC0g6oNOKvTYGh3bI)
[Sun Aug 24 2014 21:43:00 GMT+0200 (CEST)] 304 11ms GET "http://localhost:3000/" "undefined" "Mozilla/5.0 (X11; Ubuntu; Linux x86_64; rv:31.0) Gecko/20100101 Firefox/31.0" "undefined" (oCMWsx-otCSYVK6QhDoJZZiwsEKheSUw)
[Sun Aug 24 2014 21:43:00 GMT+0200 (CEST)] 200 5ms GET "http://localhost:3000/express-server/js/tracker.js" "application/javascript" "Mozilla/5.0 (X11; Ubuntu; Linux x86_64; rv:31.0) Gecko/20100101 Firefox/31.0" "http://localhost:3000/" (oCMWsx-otCSYVK6QhDoJZZiwsEKheSUw)
[Sun Aug 24 2014 21:43:00 GMT+0200 (CEST)] 200 1ms GET "http://localhost:3000/track" "undefined" "Mozilla/5.0 (X11; Ubuntu; Linux x86_64; rv:31.0) Gecko/20100101 Firefox/31.0" "http://localhost:3000/" (oCMWsx-otCSYVK6QhDoJZZiwsEKheSUw)
[Sun Aug 24 2014 21:43:18 GMT+0200 (CEST)] 304 4ms GET "http://localhost:3000/" "undefined" "Mozilla/5.0 (X11; Ubuntu; Linux x86_64; rv:31.0) Gecko/20100101 Firefox/31.0" "undefined" (oCMWsx-otCSYVK6QhDoJZZiwsEKheSUw)
[Sun Aug 24 2014 21:43:18 GMT+0200 (CEST)] 304 1ms GET "http://localhost:3000/express-server/js/tracker.js" "undefined" "Mozilla/5.0 (X11; Ubuntu; Linux x86_64; rv:31.0) Gecko/20100101 Firefox/31.0" "http://localhost:3000/" (oCMWsx-otCSYVK6QhDoJZZiwsEKheSUw)
[Sun Aug 24 2014 21:43:18 GMT+0200 (CEST)] 200 0ms GET "http://localhost:3000/track" "undefined" "Mozilla/5.0 (X11; Ubuntu; Linux x86_64; rv:31.0) Gecko/20100101 Firefox/31.0" "http://localhost:3000/" (oCMWsx-otCSYVK6QhDoJZZiwsEKheSUw)
[Sun Aug 24 2014 21:44:04 GMT+0200 (CEST)] 304 11ms GET "http://localhost:3000/" "undefined" "Mozilla/5.0 (X11; Ubuntu; Linux x86_64; rv:31.0) Gecko/20100101 Firefox/31.0" "undefined" (oCMWsx-otCSYVK6QhDoJZZiwsEKheSUw)
[Sun Aug 24 2014 21:44:04 GMT+0200 (CEST)] 200 2ms GET "http://localhost:3000/express-server/js/tracker.js" "application/javascript" "Mozilla/5.0 (X11; Ubuntu; Linux x86_64; rv:31.0) Gecko/20100101 Firefox/31.0" "http://localhost:3000/" (oCMWsx-otCSYVK6QhDoJZZiwsEKheSUw)
[Sun Aug 24 2014 21:44:04 GMT+0200 (CEST)] 200 1ms GET "http://localhost:3000/track?user-agent=Mozilla%2F5.0%20(X11%3B%20Ubuntu%3B%20Linux%20x86_64%3B%20rv%3A31.0)%20Gecko%2F20100101%20Firefox%2F31.0&referrer=&screen=1280x1024&availScreen=1280x1024&page=http%3A%2F%2Flocalhost%3A3000%2F&pixelRatio=1&colorDepth=24" "undefined" "Mozilla/5.0 (X11; Ubuntu; Linux x86_64; rv:31.0) Gecko/20100101 Firefox/31.0" "http://localhost:3000/" (oCMWsx-otCSYVK6QhDoJZZiwsEKheSUw)
[Sun Aug 24 2014 21:44:46 GMT+0200 (CEST)] 304 1ms GET "http://localhost:3000/" "undefined" "Mozilla/5.0 (X11; Ubuntu; Linux x86_64; rv:31.0) Gecko/20100101 Firefox/31.0" "undefined" (oCMWsx-otCSYVK6QhDoJZZiwsEKheSUw)
[Sun Aug 24 2014 21:44:46 GMT+0200 (CEST)] 304 1ms GET "http://localhost:3000/express-server/js/tracker.js" "undefined" "Mozilla/5.0 (X11; Ubuntu; Linux x86_64; rv:31.0) Gecko/20100101 Firefox/31.0" "http://localhost:3000/" (oCMWsx-otCSYVK6QhDoJZZiwsEKheSUw)
[Sun Aug 24 2014 21:44:46 GMT+0200 (CEST)] 200 1ms GET "http://localhost:3000/track?user-agent=Mozilla%2F5.0%20(X11%3B%20Ubuntu%3B%20Linux%20x86_64%3B%20rv%3A31.0)%20Gecko%2F20100101%20Firefox%2F31.0&referrer=&screen=1280x1024&availScreen=1280x1024&page=http%3A%2F%2Flocalhost%3A3000%2F&pixelRatio=1&colorDepth=24" "undefined" "Mozilla/5.0 (X11; Ubuntu; Linux x86_64; rv:31.0) Gecko/20100101 Firefox/31.0" "http://localhost:3000/" (oCMWsx-otCSYVK6QhDoJZZiwsEKheSUw)
[Sun Aug 24 2014 21:44:48 GMT+0200 (CEST)] 304 2ms GET "http://localhost:3000/" "undefined" "Mozilla/5.0 (X11; Ubuntu; Linux x86_64; rv:31.0) Gecko/20100101 Firefox/31.0" "undefined" (oCMWsx-otCSYVK6QhDoJZZiwsEKheSUw)
[Sun Aug 24 2014 21:44:48 GMT+0200 (CEST)] 304 0ms GET "http://localhost:3000/express-server/js/tracker.js" "undefined" "Mozilla/5.0 (X11; Ubuntu; Linux x86_64; rv:31.0) Gecko/20100101 Firefox/31.0" "http://localhost:3000/" (oCMWsx-otCSYVK6QhDoJZZiwsEKheSUw)
[Sun Aug 24 2014 21:44:48 GMT+0200 (CEST)] 200 1ms GET "http://localhost:3000/track?user-agent=Mozilla%2F5.0%20(X11%3B%20Ubuntu%3B%20Linux%20x86_64%3B%20rv%3A31.0)%20Gecko%2F20100101%20Firefox%2F31.0&referrer=&screen=1280x1024&availScreen=1280x1024&page=http%3A%2F%2Flocalhost%3A3000%2F&pixelRatio=1&colorDepth=24" "undefined" "Mozilla/5.0 (X11; Ubuntu; Linux x86_64; rv:31.0) Gecko/20100101 Firefox/31.0" "http://localhost:3000/" (oCMWsx-otCSYVK6QhDoJZZiwsEKheSUw)
[Sun Aug 24 2014 21:47:28 GMT+0200 (CEST)] 304 2ms GET "http://localhost:3000/" "undefined" "Mozilla/5.0 (X11; Ubuntu; Linux x86_64; rv:31.0) Gecko/20100101 Firefox/31.0" "undefined" (oCMWsx-otCSYVK6QhDoJZZiwsEKheSUw)
[Sun Aug 24 2014 21:47:28 GMT+0200 (CEST)] 200 1ms GET "http://localhost:3000/express-server/js/tracker.js" "application/javascript" "Mozilla/5.0 (X11; Ubuntu; Linux x86_64; rv:31.0) Gecko/20100101 Firefox/31.0" "http://localhost:3000/" (oCMWsx-otCSYVK6QhDoJZZiwsEKheSUw)
[Sun Aug 24 2014 21:47:28 GMT+0200 (CEST)] 200 1ms GET "http://localhost:3000/track?user-agent=Mozilla%2F5.0%20(X11%3B%20Ubuntu%3B%20Linux%20x86_64%3B%20rv%3A31.0)%20Gecko%2F20100101%20Firefox%2F31.0&referrer=&screen=1280x1024&availScreen=1280x1024&page=http%3A%2F%2Flocalhost%3A3000%2F&pixelRatio=1&colorDepth=24" "undefined" "Mozilla/5.0 (X11; Ubuntu; Linux x86_64; rv:31.0) Gecko/20100101 Firefox/31.0" "http://localhost:3000/" (oCMWsx-otCSYVK6QhDoJZZiwsEKheSUw)
[Sun Aug 24 2014 21:47:51 GMT+0200 (CEST)] 304 1ms GET "http://localhost:3000/" "undefined" "Mozilla/5.0 (X11; Ubuntu; Linux x86_64; rv:31.0) Gecko/20100101 Firefox/31.0" "undefined" (oCMWsx-otCSYVK6QhDoJZZiwsEKheSUw)
[Sun Aug 24 2014 21:47:51 GMT+0200 (CEST)] 304 1ms GET "http://localhost:3000/express-server/js/tracker.js" "undefined" "Mozilla/5.0 (X11; Ubuntu; Linux x86_64; rv:31.0) Gecko/20100101 Firefox/31.0" "http://localhost:3000/" (oCMWsx-otCSYVK6QhDoJZZiwsEKheSUw)
[Sun Aug 24 2014 21:47:52 GMT+0200 (CEST)] 304 1ms GET "http://localhost:3000/" "undefined" "Mozilla/5.0 (X11; Ubuntu; Linux x86_64; rv:31.0) Gecko/20100101 Firefox/31.0" "undefined" (oCMWsx-otCSYVK6QhDoJZZiwsEKheSUw)
[Sun Aug 24 2014 21:47:52 GMT+0200 (CEST)] 304 1ms GET "http://localhost:3000/express-server/js/tracker.js" "undefined" "Mozilla/5.0 (X11; Ubuntu; Linux x86_64; rv:31.0) Gecko/20100101 Firefox/31.0" "http://localhost:3000/" (oCMWsx-otCSYVK6QhDoJZZiwsEKheSUw)
[Sun Aug 24 2014 21:47:53 GMT+0200 (CEST)] 304 2ms GET "http://localhost:3000/" "undefined" "Mozilla/5.0 (X11; Ubuntu; Linux x86_64; rv:31.0) Gecko/20100101 Firefox/31.0" "undefined" (oCMWsx-otCSYVK6QhDoJZZiwsEKheSUw)
[Sun Aug 24 2014 21:47:53 GMT+0200 (CEST)] 304 1ms GET "http://localhost:3000/express-server/js/tracker.js" "undefined" "Mozilla/5.0 (X11; Ubuntu; Linux x86_64; rv:31.0) Gecko/20100101 Firefox/31.0" "http://localhost:3000/" (oCMWsx-otCSYVK6QhDoJZZiwsEKheSUw)
[Sun Aug 24 2014 21:49:40 GMT+0200 (CEST)] 304 1ms GET "http://localhost:3000/" "undefined" "Mozilla/5.0 (X11; Ubuntu; Linux x86_64; rv:31.0) Gecko/20100101 Firefox/31.0" "undefined" (oCMWsx-otCSYVK6QhDoJZZiwsEKheSUw)
[Sun Aug 24 2014 21:49:40 GMT+0200 (CEST)] 304 1ms GET "http://localhost:3000/express-server/js/tracker.js" "undefined" "Mozilla/5.0 (X11; Ubuntu; Linux x86_64; rv:31.0) Gecko/20100101 Firefox/31.0" "http://localhost:3000/" (oCMWsx-otCSYVK6QhDoJZZiwsEKheSUw)
[Sun Aug 24 2014 21:49:57 GMT+0200 (CEST)] 304 1ms GET "http://localhost:3000/" "undefined" "Mozilla/5.0 (X11; Ubuntu; Linux x86_64; rv:31.0) Gecko/20100101 Firefox/31.0" "undefined" (oCMWsx-otCSYVK6QhDoJZZiwsEKheSUw)
[Sun Aug 24 2014 21:49:57 GMT+0200 (CEST)] 304 1ms GET "http://localhost:3000/express-server/js/tracker.js" "undefined" "Mozilla/5.0 (X11; Ubuntu; Linux x86_64; rv:31.0) Gecko/20100101 Firefox/31.0" "http://localhost:3000/" (oCMWsx-otCSYVK6QhDoJZZiwsEKheSUw)
[Sun Aug 24 2014 21:50:32 GMT+0200 (CEST)] 200 2ms GET "http://localhost:3000/" "text/html; charset=utf-8" "Mozilla/5.0 (X11; Ubuntu; Linux x86_64; rv:31.0) Gecko/20100101 Firefox/31.0" "undefined" (ROpjBiDBOIPeJidFY_LMOq85vIlT8DtS)
[Sun Aug 24 2014 21:50:32 GMT+0200 (CEST)] 200 1ms GET "http://localhost:3000/express-server/js/tracker.js" "application/javascript" "Mozilla/5.0 (X11; Ubuntu; Linux x86_64; rv:31.0) Gecko/20100101 Firefox/31.0" "http://localhost:3000/" (ROpjBiDBOIPeJidFY_LMOq85vIlT8DtS)
[Sun Aug 24 2014 21:50:32 GMT+0200 (CEST)] 200 1ms GET "http://localhost:3000/track?user-agent=Mozilla%2F5.0%20(X11%3B%20Ubuntu%3B%20Linux%20x86_64%3B%20rv%3A31.0)%20Gecko%2F20100101%20Firefox%2F31.0&referrer=&screen=1280x1024&availScreen=1280x1024&page=http%3A%2F%2Flocalhost%3A3000%2F&pixelRatio=1&colorDepth=24" "undefined" "Mozilla/5.0 (X11; Ubuntu; Linux x86_64; rv:31.0) Gecko/20100101 Firefox/31.0" "http://localhost:3000/" (ROpjBiDBOIPeJidFY_LMOq85vIlT8DtS)
[Sun Aug 24 2014 21:50:45 GMT+0200 (CEST)] 304 1ms GET "http://localhost:3000/" "undefined" "Mozilla/5.0 (X11; Ubuntu; Linux x86_64; rv:31.0) Gecko/20100101 Firefox/31.0" "undefined" (ROpjBiDBOIPeJidFY_LMOq85vIlT8DtS)
[Sun Aug 24 2014 21:50:45 GMT+0200 (CEST)] 304 1ms GET "http://localhost:3000/express-server/js/tracker.js" "undefined" "Mozilla/5.0 (X11; Ubuntu; Linux x86_64; rv:31.0) Gecko/20100101 Firefox/31.0" "http://localhost:3000/" (ROpjBiDBOIPeJidFY_LMOq85vIlT8DtS)
[Sun Aug 24 2014 21:50:48 GMT+0200 (CEST)] 304 1ms GET "http://localhost:3000/" "undefined" "Mozilla/5.0 (X11; Ubuntu; Linux x86_64; rv:31.0) Gecko/20100101 Firefox/31.0" "undefined" (ROpjBiDBOIPeJidFY_LMOq85vIlT8DtS)
[Sun Aug 24 2014 21:50:48 GMT+0200 (CEST)] 304 1ms GET "http://localhost:3000/express-server/js/tracker.js" "undefined" "Mozilla/5.0 (X11; Ubuntu; Linux x86_64; rv:31.0) Gecko/20100101 Firefox/31.0" "http://localhost:3000/" (ROpjBiDBOIPeJidFY_LMOq85vIlT8DtS)
[Sun Aug 24 2014 21:50:53 GMT+0200 (CEST)] 304 1ms GET "http://localhost:3000/" "undefined" "Mozilla/5.0 (X11; Ubuntu; Linux x86_64; rv:31.0) Gecko/20100101 Firefox/31.0" "undefined" (ROpjBiDBOIPeJidFY_LMOq85vIlT8DtS)
[Sun Aug 24 2014 21:50:53 GMT+0200 (CEST)] 304 0ms GET "http://localhost:3000/express-server/js/tracker.js" "undefined" "Mozilla/5.0 (X11; Ubuntu; Linux x86_64; rv:31.0) Gecko/20100101 Firefox/31.0" "http://localhost:3000/" (ROpjBiDBOIPeJidFY_LMOq85vIlT8DtS)
[Sun Aug 24 2014 21:53:30 GMT+0200 (CEST)] 304 2ms GET "http://localhost:3000/" "undefined" "Mozilla/5.0 (X11; Ubuntu; Linux x86_64; rv:31.0) Gecko/20100101 Firefox/31.0" "undefined" (ROpjBiDBOIPeJidFY_LMOq85vIlT8DtS)
[Sun Aug 24 2014 21:53:30 GMT+0200 (CEST)] 200 1ms GET "http://localhost:3000/express-server/js/tracker.js" "application/javascript" "Mozilla/5.0 (X11; Ubuntu; Linux x86_64; rv:31.0) Gecko/20100101 Firefox/31.0" "http://localhost:3000/" (ROpjBiDBOIPeJidFY_LMOq85vIlT8DtS)
[Sun Aug 24 2014 21:53:52 GMT+0200 (CEST)] 200 3ms GET "http://localhost:3000/" "text/html; charset=utf-8" "Opera/9.80 (X11; Linux x86_64) Presto/2.12.388 Version/12.16" "undefined" (vqREIJroq-3B7N13Tp3QE81rcvfS3ZFI)
[Sun Aug 24 2014 21:53:52 GMT+0200 (CEST)] 200 1ms GET "http://localhost:3000/express-server/js/tracker.js" "application/javascript" "Opera/9.80 (X11; Linux x86_64) Presto/2.12.388 Version/12.16" "http://localhost:3000/" (vqREIJroq-3B7N13Tp3QE81rcvfS3ZFI)
[Sun Aug 24 2014 21:53:52 GMT+0200 (CEST)] 200 0ms GET "http://localhost:3000/track?user-agent=Opera%2F9.80%20(X11%3B%20Linux%20x86_64)%20Presto%2F2.12.388%20Version%2F12.16&referrer=&screen=4480x1080&availScreen=4480x1045&page=http%3A%2F%2Flocalhost%3A3000%2F&pixelRatio=1&colorDepth=24" "undefined" "Opera/9.80 (X11; Linux x86_64) Presto/2.12.388 Version/12.16" "http://localhost:3000/" (vqREIJroq-3B7N13Tp3QE81rcvfS3ZFI)
[Sun Aug 24 2014 21:53:52 GMT+0200 (CEST)] 404 1ms GET "http://localhost:3000/favicon.ico" "text/html" "Opera/9.80 (X11; Linux x86_64) Presto/2.12.388 Version/12.16" "http://localhost:3000/" (-dhXPmDyumcGckNifC9KFagbeFWfsuT0)
[Sun Aug 24 2014 21:55:36 GMT+0200 (CEST)] 304 15ms GET "http://localhost:3000/" "undefined" "Mozilla/5.0 (X11; Ubuntu; Linux x86_64; rv:31.0) Gecko/20100101 Firefox/31.0" "undefined" (xiM28sHheImsg6wkq_D_TvKOAOeIilLA)
[Sun Aug 24 2014 21:55:37 GMT+0200 (CEST)] 200 5ms GET "http://localhost:3000/express-server/js/tracker.js" "application/javascript" "Mozilla/5.0 (X11; Ubuntu; Linux x86_64; rv:31.0) Gecko/20100101 Firefox/31.0" "http://localhost:3000/" (xiM28sHheImsg6wkq_D_TvKOAOeIilLA)
[Sun Aug 24 2014 21:55:37 GMT+0200 (CEST)] 200 1ms GET "http://localhost:3000/track?user-agent=Mozilla%2F5.0%20(X11%3B%20Ubuntu%3B%20Linux%20x86_64%3B%20rv%3A31.0)%20Gecko%2F20100101%20Firefox%2F31.0&referrer=&screen=1280x1024&availScreen=1280x1024&page=http%3A%2F%2Flocalhost%3A3000%2F&pixelRatio=1&colorDepth=24" "undefined" "Mozilla/5.0 (X11; Ubuntu; Linux x86_64; rv:31.0) Gecko/20100101 Firefox/31.0" "http://localhost:3000/" (xiM28sHheImsg6wkq_D_TvKOAOeIilLA)
[Sun Aug 24 2014 21:56:08 GMT+0200 (CEST)] 200 1ms GET "http://localhost:3000/track?user-agent=Mozilla%2F5.0%20(X11%3B%20Ubuntu%3B%20Linux%20x86_64%3B%20rv%3A31.0)%20Gecko%2F20100101%20Firefox%2F31.0&referrer=&screen=1280x1024&availScreen=1280x1024&page=http%3A%2F%2Flocalhost%3A3000%2F&pixelRatio=1&colorDepth=24" "undefined" "Mozilla/5.0 (X11; Ubuntu; Linux x86_64; rv:31.0) Gecko/20100101 Firefox/31.0" "undefined" (xiM28sHheImsg6wkq_D_TvKOAOeIilLA)
[Sun Aug 24 2014 21:57:01 GMT+0200 (CEST)] 200 7ms GET "http://localhost:3000/track?user-agent=Mozilla%2F5.0%20(X11%3B%20Ubuntu%3B%20Linux%20x86_64%3B%20rv%3A31.0)%20Gecko%2F20100101%20Firefox%2F31.0&referrer=&screen=1280x1024&availScreen=1280x1024&page=http%3A%2F%2Flocalhost%3A3000%2F&pixelRatio=1&colorDepth=24" "undefined" "Mozilla/5.0 (X11; Ubuntu; Linux x86_64; rv:31.0) Gecko/20100101 Firefox/31.0" "undefined" (oxKIEuI34qIuBX7oVhB5QC6JRP5KXALN)
[Sun Aug 24 2014 21:57:42 GMT+0200 (CEST)] 200 1ms GET "http://localhost:3000/track?user-agent=Mozilla%2F5.0%20(X11%3B%20Ubuntu%3B%20Linux%20x86_64%3B%20rv%3A31.0)%20Gecko%2F20100101%20Firefox%2F31.0&referrer=&screen=1280x1024&availScreen=1280x1024&page=http%3A%2F%2Flocalhost%3A3000%2F&pixelRatio=1&colorDepth=24" "undefined" "Mozilla/5.0 (X11; Ubuntu; Linux x86_64; rv:31.0) Gecko/20100101 Firefox/31.0" "undefined" (oxKIEuI34qIuBX7oVhB5QC6JRP5KXALN)
[Sun Aug 24 2014 21:58:08 GMT+0200 (CEST)] 200 1ms GET "http://localhost:3000/track?user-agent=Mozilla%2F5.0%20(X11%3B%20Ubuntu%3B%20Linux%20x86_64%3B%20rv%3A31.0)%20Gecko%2F20100101%20Firefox%2F31.0&referrer=&screen=1280x1024&availScreen=1280x1024&page=http%3A%2F%2Flocalhost%3A3000%2F&pixelRatio=1&colorDepth=24" "undefined" "Mozilla/5.0 (X11; Ubuntu; Linux x86_64; rv:31.0) Gecko/20100101 Firefox/31.0" "undefined" (oxKIEuI34qIuBX7oVhB5QC6JRP5KXALN)
